# JRE version: OpenJDK Runtime Environment Temurin-17.0.13+11 (17.0.13+11) (build 17.0.13+11)
# Java VM: OpenJDK 64-Bit Server VM Temurin-17.0.13+11 (17.0.13+11, mixed mode, tiered, compressed oops, compressed class ptrs, parallel gc, windows-amd64)
GC Precious Log:
 CPUs: 8 total, 8 available
 Memory: 32521M
 Large Page Support: Disabled
 NUMA Support: Disabled
 Compressed Oops: Enabled (32-bit)
 Alignments: Space 512K, Generation 512K, Heap 2M
 Heap Min Capacity: 100M
 Heap Initial Capacity: 100M
 Heap Max Capacity: 1G
 Pre-touch: Disabled
 Parallel Workers: 8
Heap:
 PSYoungGen      total 3072K, used 849K [0x00000000eab00000, 0x00000000eaf00000, 0x0000000100000000)
  eden space 2560K, 15% used [0x00000000eab00000,0x00000000eab64728,0x00000000ead80000)
  from space 512K, 87% used [0x00000000eae80000,0x00000000eaef0000,0x00000000eaf00000)
  to   space 512K, 0% used [0x00000000eae00000,0x00000000eae00000,0x00000000eae80000)
 ParOldGen       total 297472K, used 290557K [0x00000000c0000000, 0x00000000d2280000, 0x00000000eab00000)
  object space 297472K, 97% used [0x00000000c0000000,0x00000000d1bbf570,0x00000000d2280000)
 Metaspace       used 90139K, committed 91712K, reserved 1179648K
  class space    used 9434K, committed 10176K, reserved 1048576K
GC Heap History (20 events):
Event: 194.851 GC heap before
{Heap before GC invocations=594 (full 16):
 PSYoungGen      total 3072K, used 3038K [0x00000000eab00000, 0x00000000eaf80000, 0x0000000100000000)
  eden space 2560K, 99% used [0x00000000eab00000,0x00000000ead7f9f8,0x00000000ead80000)
  from space 512K, 93% used [0x00000000ead80000,0x00000000eadf8000,0x00000000eae00000)
  to   space 1024K, 0% used [0x00000000eae80000,0x00000000eae80000,0x00000000eaf80000)
 ParOldGen       total 297472K, used 286983K [0x00000000c0000000, 0x00000000d2280000, 0x00000000eab00000)
  object space 297472K, 96% used [0x00000000c0000000,0x00000000d1841c50,0x00000000d2280000)
 Metaspace       used 89516K, committed 91136K, reserved 1179648K
  class space    used 9342K, committed 10112K, reserved 1048576K
}
Event: 194.853 GC heap after
{Heap after GC invocations=594 (full 16):
 PSYoungGen      total 3072K, used 224K [0x00000000eab00000, 0x00000000eaf00000, 0x0000000100000000)
  eden space 2560K, 0% used [0x00000000eab00000,0x00000000eab00000,0x00000000ead80000)
  from space 512K, 43% used [0x00000000eae80000,0x00000000eaeb8000,0x00000000eaf00000)
  to   space 512K, 0% used [0x00000000ead80000,0x00000000ead80000,0x00000000eae00000)
 ParOldGen       total 297472K, used 287375K [0x00000000c0000000, 0x00000000d2280000, 0x00000000eab00000)
  object space 297472K, 96% used [0x00000000c0000000,0x00000000d18a3c70,0x00000000d2280000)
 Metaspace       used 89516K, committed 91136K, reserved 1179648K
  class space    used 9342K, committed 10112K, reserved 1048576K
}
Event: 195.707 GC heap before
{Heap before GC invocations=595 (full 16):
 PSYoungGen      total 3072K, used 2784K [0x00000000eab00000, 0x00000000eaf00000, 0x0000000100000000)
  eden space 2560K, 100% used [0x00000000eab00000,0x00000000ead80000,0x00000000ead80000)
  from space 512K, 43% used [0x00000000eae80000,0x00000000eaeb8000,0x00000000eaf00000)
  to   space 512K, 0% used [0x00000000ead80000,0x00000000ead80000,0x00000000eae00000)
 ParOldGen       total 297472K, used 287375K [0x00000000c0000000, 0x00000000d2280000, 0x00000000eab00000)
  object space 297472K, 96% used [0x00000000c0000000,0x00000000d18a3c70,0x00000000d2280000)
 Metaspace       used 89532K, committed 91136K, reserved 1179648K
  class space    used 9343K, committed 10112K, reserved 1048576K
}
Event: 195.708 GC heap after
{Heap after GC invocations=595 (full 16):
 PSYoungGen      total 3072K, used 340K [0x00000000eab00000, 0x00000000eaf00000, 0x0000000100000000)
  eden space 2560K, 0% used [0x00000000eab00000,0x00000000eab00000,0x00000000ead80000)
  from space 512K, 66% used [0x00000000ead80000,0x00000000eadd5220,0x00000000eae00000)
  to   space 512K, 0% used [0x00000000eae80000,0x00000000eae80000,0x00000000eaf00000)
 ParOldGen       total 297472K, used 287375K [0x00000000c0000000, 0x00000000d2280000, 0x00000000eab00000)
  object space 297472K, 96% used [0x00000000c0000000,0x00000000d18a3c70,0x00000000d2280000)
 Metaspace       used 89532K, committed 91136K, reserved 1179648K
  class space    used 9343K, committed 10112K, reserved 1048576K
}
Event: 195.716 GC heap before
{Heap before GC invocations=596 (full 16):
 PSYoungGen      total 3072K, used 2900K [0x00000000eab00000, 0x00000000eaf00000, 0x0000000100000000)
  eden space 2560K, 100% used [0x00000000eab00000,0x00000000ead80000,0x00000000ead80000)
  from space 512K, 66% used [0x00000000ead80000,0x00000000eadd5220,0x00000000eae00000)
  to   space 512K, 0% used [0x00000000eae80000,0x00000000eae80000,0x00000000eaf00000)
 ParOldGen       total 297472K, used 287375K [0x00000000c0000000, 0x00000000d2280000, 0x00000000eab00000)
  object space 297472K, 96% used [0x00000000c0000000,0x00000000d18a3c70,0x00000000d2280000)
 Metaspace       used 89532K, committed 91136K, reserved 1179648K
  class space    used 9343K, committed 10112K, reserved 1048576K
}
Event: 195.717 GC heap after
{Heap after GC invocations=596 (full 16):
 PSYoungGen      total 3072K, used 484K [0x00000000eab00000, 0x00000000eaf80000, 0x0000000100000000)
  eden space 2560K, 0% used [0x00000000eab00000,0x00000000eab00000,0x00000000ead80000)
  from space 512K, 94% used [0x00000000eae80000,0x00000000eaef9230,0x00000000eaf00000)
  to   space 1024K, 0% used [0x00000000ead80000,0x00000000ead80000,0x00000000eae80000)
 ParOldGen       total 297472K, used 287495K [0x00000000c0000000, 0x00000000d2280000, 0x00000000eab00000)
  object space 297472K, 96% used [0x00000000c0000000,0x00000000d18c1c70,0x00000000d2280000)
 Metaspace       used 89532K, committed 91136K, reserved 1179648K
  class space    used 9343K, committed 10112K, reserved 1048576K
}
Event: 195.736 GC heap before
{Heap before GC invocations=597 (full 16):
 PSYoungGen      total 3072K, used 3044K [0x00000000eab00000, 0x00000000eaf80000, 0x0000000100000000)
  eden space 2560K, 100% used [0x00000000eab00000,0x00000000ead80000,0x00000000ead80000)
  from space 512K, 94% used [0x00000000eae80000,0x00000000eaef9230,0x00000000eaf00000)
  to   space 1024K, 0% used [0x00000000ead80000,0x00000000ead80000,0x00000000eae80000)
 ParOldGen       total 297472K, used 287495K [0x00000000c0000000, 0x00000000d2280000, 0x00000000eab00000)
  object space 297472K, 96% used [0x00000000c0000000,0x00000000d18c1c70,0x00000000d2280000)
 Metaspace       used 89541K, committed 91136K, reserved 1179648K
  class space    used 9343K, committed 10112K, reserved 1048576K
}
Event: 195.738 GC heap after
{Heap after GC invocations=597 (full 16):
 PSYoungGen      total 3584K, used 928K [0x00000000eab00000, 0x00000000eaf80000, 0x0000000100000000)
  eden space 2560K, 0% used [0x00000000eab00000,0x00000000eab00000,0x00000000ead80000)
  from space 1024K, 90% used [0x00000000ead80000,0x00000000eae68000,0x00000000eae80000)
  to   space 1024K, 0% used [0x00000000eae80000,0x00000000eae80000,0x00000000eaf80000)
 ParOldGen       total 297472K, used 287707K [0x00000000c0000000, 0x00000000d2280000, 0x00000000eab00000)
  object space 297472K, 96% used [0x00000000c0000000,0x00000000d18f6e90,0x00000000d2280000)
 Metaspace       used 89541K, committed 91136K, reserved 1179648K
  class space    used 9343K, committed 10112K, reserved 1048576K
}
Event: 196.274 GC heap before
{Heap before GC invocations=598 (full 16):
 PSYoungGen      total 3584K, used 3488K [0x00000000eab00000, 0x00000000eaf80000, 0x0000000100000000)
  eden space 2560K, 100% used [0x00000000eab00000,0x00000000ead80000,0x00000000ead80000)
  from space 1024K, 90% used [0x00000000ead80000,0x00000000eae68000,0x00000000eae80000)
  to   space 1024K, 0% used [0x00000000eae80000,0x00000000eae80000,0x00000000eaf80000)
 ParOldGen       total 297472K, used 287707K [0x00000000c0000000, 0x00000000d2280000, 0x00000000eab00000)
  object space 297472K, 96% used [0x00000000c0000000,0x00000000d18f6e90,0x00000000d2280000)
 Metaspace       used 89543K, committed 91136K, reserved 1179648K
  class space    used 9343K, committed 10112K, reserved 1048576K
}
Event: 196.277 GC heap after
{Heap after GC invocations=598 (full 16):
 PSYoungGen      total 3584K, used 948K [0x00000000eab00000, 0x00000000eaf80000, 0x0000000100000000)
  eden space 2560K, 0% used [0x00000000eab00000,0x00000000eab00000,0x00000000ead80000)
  from space 1024K, 92% used [0x00000000eae80000,0x00000000eaf6d200,0x00000000eaf80000)
  to   space 1024K, 0% used [0x00000000ead80000,0x00000000ead80000,0x00000000eae80000)
 ParOldGen       total 297472K, used 288027K [0x00000000c0000000, 0x00000000d2280000, 0x00000000eab00000)
  object space 297472K, 96% used [0x00000000c0000000,0x00000000d1946eb0,0x00000000d2280000)
 Metaspace       used 89543K, committed 91136K, reserved 1179648K
  class space    used 9343K, committed 10112K, reserved 1048576K
}
Event: 196.290 GC heap before
{Heap before GC invocations=599 (full 16):
 PSYoungGen      total 3584K, used 3508K [0x00000000eab00000, 0x00000000eaf80000, 0x0000000100000000)
  eden space 2560K, 100% used [0x00000000eab00000,0x00000000ead80000,0x00000000ead80000)
  from space 1024K, 92% used [0x00000000eae80000,0x00000000eaf6d200,0x00000000eaf80000)
  to   space 1024K, 0% used [0x00000000ead80000,0x00000000ead80000,0x00000000eae80000)
 ParOldGen       total 297472K, used 288027K [0x00000000c0000000, 0x00000000d2280000, 0x00000000eab00000)
  object space 297472K, 96% used [0x00000000c0000000,0x00000000d1946eb0,0x00000000d2280000)
 Metaspace       used 89544K, committed 91136K, reserved 1179648K
  class space    used 9343K, committed 10112K, reserved 1048576K
}
Event: 196.293 GC heap after
{Heap after GC invocations=599 (full 16):
 PSYoungGen      total 3584K, used 1012K [0x00000000eab00000, 0x00000000eb080000, 0x0000000100000000)
  eden space 2560K, 0% used [0x00000000eab00000,0x00000000eab00000,0x00000000ead80000)
  from space 1024K, 98% used [0x00000000ead80000,0x00000000eae7d200,0x00000000eae80000)
  to   space 1536K, 0% used [0x00000000eaf00000,0x00000000eaf00000,0x00000000eb080000)
 ParOldGen       total 297472K, used 288083K [0x00000000c0000000, 0x00000000d2280000, 0x00000000eab00000)
  object space 297472K, 96% used [0x00000000c0000000,0x00000000d1954eb0,0x00000000d2280000)
 Metaspace       used 89544K, committed 91136K, reserved 1179648K
  class space    used 9343K, committed 10112K, reserved 1048576K
}
Event: 196.315 GC heap before
{Heap before GC invocations=600 (full 16):
 PSYoungGen      total 3584K, used 3572K [0x00000000eab00000, 0x00000000eb080000, 0x0000000100000000)
  eden space 2560K, 100% used [0x00000000eab00000,0x00000000ead80000,0x00000000ead80000)
  from space 1024K, 98% used [0x00000000ead80000,0x00000000eae7d200,0x00000000eae80000)
  to   space 1536K, 0% used [0x00000000eaf00000,0x00000000eaf00000,0x00000000eb080000)
 ParOldGen       total 297472K, used 288083K [0x00000000c0000000, 0x00000000d2280000, 0x00000000eab00000)
  object space 297472K, 96% used [0x00000000c0000000,0x00000000d1954eb0,0x00000000d2280000)
 Metaspace       used 89550K, committed 91136K, reserved 1179648K
  class space    used 9343K, committed 10112K, reserved 1048576K
}
Event: 196.317 GC heap after
{Heap after GC invocations=600 (full 16):
 PSYoungGen      total 3584K, used 836K [0x00000000eab00000, 0x00000000eb000000, 0x0000000100000000)
  eden space 2560K, 0% used [0x00000000eab00000,0x00000000eab00000,0x00000000ead80000)
  from space 1024K, 81% used [0x00000000eaf00000,0x00000000eafd1210,0x00000000eb000000)
  to   space 1024K, 0% used [0x00000000ead80000,0x00000000ead80000,0x00000000eae80000)
 ParOldGen       total 297472K, used 288844K [0x00000000c0000000, 0x00000000d2280000, 0x00000000eab00000)
  object space 297472K, 97% used [0x00000000c0000000,0x00000000d1a13100,0x00000000d2280000)
 Metaspace       used 89550K, committed 91136K, reserved 1179648K
  class space    used 9343K, committed 10112K, reserved 1048576K
}
Event: 196.330 GC heap before
{Heap before GC invocations=601 (full 16):
 PSYoungGen      total 3584K, used 3396K [0x00000000eab00000, 0x00000000eb000000, 0x0000000100000000)
  eden space 2560K, 100% used [0x00000000eab00000,0x00000000ead80000,0x00000000ead80000)
  from space 1024K, 81% used [0x00000000eaf00000,0x00000000eafd1210,0x00000000eb000000)
  to   space 1024K, 0% used [0x00000000ead80000,0x00000000ead80000,0x00000000eae80000)
 ParOldGen       total 297472K, used 288844K [0x00000000c0000000, 0x00000000d2280000, 0x00000000eab00000)
  object space 297472K, 97% used [0x00000000c0000000,0x00000000d1a13100,0x00000000d2280000)
 Metaspace       used 89550K, committed 91136K, reserved 1179648K
  class space    used 9343K, committed 10112K, reserved 1048576K
}
Event: 196.333 GC heap after
{Heap after GC invocations=601 (full 16):
 PSYoungGen      total 3584K, used 544K [0x00000000eab00000, 0x00000000eaf80000, 0x0000000100000000)
  eden space 2560K, 0% used [0x00000000eab00000,0x00000000eab00000,0x00000000ead80000)
  from space 1024K, 53% used [0x00000000ead80000,0x00000000eae08000,0x00000000eae80000)
  to   space 1024K, 0% used [0x00000000eae80000,0x00000000eae80000,0x00000000eaf80000)
 ParOldGen       total 297472K, used 289608K [0x00000000c0000000, 0x00000000d2280000, 0x00000000eab00000)
  object space 297472K, 97% used [0x00000000c0000000,0x00000000d1ad2340,0x00000000d2280000)
 Metaspace       used 89550K, committed 91136K, reserved 1179648K
  class space    used 9343K, committed 10112K, reserved 1048576K
}
Event: 196.466 GC heap before
{Heap before GC invocations=602 (full 16):
 PSYoungGen      total 3584K, used 3103K [0x00000000eab00000, 0x00000000eaf80000, 0x0000000100000000)
  eden space 2560K, 99% used [0x00000000eab00000,0x00000000ead7fff8,0x00000000ead80000)
  from space 1024K, 53% used [0x00000000ead80000,0x00000000eae08000,0x00000000eae80000)
  to   space 1024K, 0% used [0x00000000eae80000,0x00000000eae80000,0x00000000eaf80000)
 ParOldGen       total 297472K, used 289608K [0x00000000c0000000, 0x00000000d2280000, 0x00000000eab00000)
  object space 297472K, 97% used [0x00000000c0000000,0x00000000d1ad2340,0x00000000d2280000)
 Metaspace       used 89587K, committed 91200K, reserved 1179648K
  class space    used 9346K, committed 10112K, reserved 1048576K
}
Event: 196.470 GC heap after
{Heap after GC invocations=602 (full 16):
 PSYoungGen      total 3584K, used 512K [0x00000000eab00000, 0x00000000eaf80000, 0x0000000100000000)
  eden space 2560K, 0% used [0x00000000eab00000,0x00000000eab00000,0x00000000ead80000)
  from space 1024K, 50% used [0x00000000eae80000,0x00000000eaf00000,0x00000000eaf80000)
  to   space 1024K, 0% used [0x00000000ead80000,0x00000000ead80000,0x00000000eae80000)
 ParOldGen       total 297472K, used 290008K [0x00000000c0000000, 0x00000000d2280000, 0x00000000eab00000)
  object space 297472K, 97% used [0x00000000c0000000,0x00000000d1b36340,0x00000000d2280000)
 Metaspace       used 89587K, committed 91200K, reserved 1179648K
  class space    used 9346K, committed 10112K, reserved 1048576K
}
Event: 196.546 GC heap before
{Heap before GC invocations=603 (full 16):
 PSYoungGen      total 3584K, used 3068K [0x00000000eab00000, 0x00000000eaf80000, 0x0000000100000000)
  eden space 2560K, 99% used [0x00000000eab00000,0x00000000ead7f2c0,0x00000000ead80000)
  from space 1024K, 50% used [0x00000000eae80000,0x00000000eaf00000,0x00000000eaf80000)
  to   space 1024K, 0% used [0x00000000ead80000,0x00000000ead80000,0x00000000eae80000)
 ParOldGen       total 297472K, used 290008K [0x00000000c0000000, 0x00000000d2280000, 0x00000000eab00000)
  object space 297472K, 97% used [0x00000000c0000000,0x00000000d1b36340,0x00000000d2280000)
 Metaspace       used 89814K, committed 91392K, reserved 1179648K
  class space    used 9403K, committed 10176K, reserved 1048576K
}
Event: 196.550 GC heap after
{Heap after GC invocations=603 (full 16):
 PSYoungGen      total 3584K, used 250K [0x00000000eab00000, 0x00000000eaf00000, 0x0000000100000000)
  eden space 2560K, 0% used [0x00000000eab00000,0x00000000eab00000,0x00000000ead80000)
  from space 1024K, 24% used [0x00000000ead80000,0x00000000eadbe900,0x00000000eae80000)
  to   space 512K, 0% used [0x00000000eae80000,0x00000000eae80000,0x00000000eaf00000)
 ParOldGen       total 297472K, used 290424K [0x00000000c0000000, 0x00000000d2280000, 0x00000000eab00000)
  object space 297472K, 97% used [0x00000000c0000000,0x00000000d1b9e370,0x00000000d2280000)
 Metaspace       used 89814K, committed 91392K, reserved 1179648K
  class space    used 9403K, committed 10176K, reserved 1048576K
}

